{
  "stats": {
    "suites": 1,
    "tests": 1,
    "passes": 1,
    "pending": 0,
    "failures": 0,
    "start": "2025-06-08T06:03:48.392Z",
    "end": "2025-06-08T06:03:53.012Z",
    "duration": 4620,
    "testsRegistered": 1,
    "passPercent": 100,
    "pendingPercent": 0,
    "other": 0,
    "hasOther": false,
    "skipped": 0,
    "hasSkipped": false
  },
  "results": [
    {
      "uuid": "5f75cf36-d487-4d6b-b4ca-4012fa376abf",
      "title": "",
      "fullFile": "cypress/e2e/homeWork.cy.js",
      "file": "cypress/e2e/homeWork.cy.js",
      "beforeHooks": [],
      "afterHooks": [],
      "tests": [],
      "suites": [
        {
          "uuid": "ae788fdd-e358-4837-9cd4-38f1c072f90e",
          "title": "Service and Route Creation and Deletion",
          "fullFile": "",
          "file": "",
          "beforeHooks": [],
          "afterHooks": [],
          "tests": [
            {
              "title": "Verify that Service and Route can be created and deleted",
              "fullTitle": "Service and Route Creation and Deletion Verify that Service and Route can be created and deleted",
              "timedOut": null,
              "duration": 4580,
              "state": "passed",
              "speed": "fast",
              "pass": true,
              "fail": false,
              "pending": false,
              "context": null,
              "code": "let serviceName = \"example_service\";\nlet serviceUrl = \"https://httpbin.konghq.com\";\nlet routeName = \"mocking\";\nlet routePath = \"/mock\";\n_workspacePage.default.navigateToWorkspace('default');\n_workspacePage.default.createService(serviceName, serviceUrl);\n_workspacePage.default.createRoute(routeName, routePath, serviceName);\n_workspacePage.default.deleteRoute(routeName);\n_workspacePage.default.deleteService(serviceName);",
              "err": {},
              "uuid": "d73fbbce-754a-4996-9cd6-a63a3253fb86",
              "parentUUID": "ae788fdd-e358-4837-9cd4-38f1c072f90e",
              "isHook": false,
              "skipped": false
            }
          ],
          "suites": [],
          "passes": [
            "d73fbbce-754a-4996-9cd6-a63a3253fb86"
          ],
          "failures": [],
          "pending": [],
          "skipped": [],
          "duration": 4580,
          "root": false,
          "rootEmpty": false,
          "_timeout": 2000
        }
      ],
      "passes": [],
      "failures": [],
      "pending": [],
      "skipped": [],
      "duration": 0,
      "root": true,
      "rootEmpty": true,
      "_timeout": 2000
    }
  ],
  "meta": {
    "mocha": {
      "version": "7.2.0"
    },
    "mochawesome": {
      "options": {
        "quiet": false,
        "reportFilename": "mochawesome",
        "saveHtml": false,
        "saveJson": true,
        "consoleReporter": "spec",
        "useInlineDiffs": false,
        "code": true
      },
      "version": "7.1.3"
    },
    "marge": {
      "options": {
        "charts": true,
        "reportPageTitle": "Cypress Inline Reporter",
        "embeddedScreenshots": true,
        "inlineAssets": true,
        "overwrite": false,
        "html": false,
        "json": true,
        "reportDir": "cypress/reports/html/.jsons"
      },
      "version": "6.2.0"
    }
  }
}